0 info it worked if it ends with ok
1 verbose cli [ '/home/mariosant/.nvm/versions/node/v6.6.0/bin/node',
1 verbose cli   '/home/mariosant/.nvm/versions/node/v6.6.0/bin/npm',
1 verbose cli   'publish' ]
2 info using npm@3.10.3
3 info using node@v6.6.0
4 verbose publish [ '.' ]
5 silly cache add args [ '.', null ]
6 verbose cache add spec .
7 silly cache add parsed spec Result {
7 silly cache add   raw: '.',
7 silly cache add   scope: null,
7 silly cache add   escapedName: null,
7 silly cache add   name: null,
7 silly cache add   rawSpec: '.',
7 silly cache add   spec: '/home/mariosant/Projects/hapi-locate',
7 silly cache add   type: 'directory' }
8 verbose addLocalDirectory /home/mariosant/.npm/hapi-locate/0.0.1/package.tgz not in flight; packing
9 verbose correctMkdir /home/mariosant/.npm correctMkdir not in flight; initializing
10 info lifecycle hapi-locate@0.0.1~prepublish: hapi-locate@0.0.1
11 silly lifecycle hapi-locate@0.0.1~prepublish: no script for prepublish, continuing
12 verbose tar pack [ '/home/mariosant/.npm/hapi-locate/0.0.1/package.tgz',
12 verbose tar pack   '/home/mariosant/Projects/hapi-locate' ]
13 verbose tarball /home/mariosant/.npm/hapi-locate/0.0.1/package.tgz
14 verbose folder /home/mariosant/Projects/hapi-locate
15 verbose addLocalTarball adding from inside cache /home/mariosant/.npm/hapi-locate/0.0.1/package.tgz
16 verbose correctMkdir /home/mariosant/.npm correctMkdir not in flight; initializing
17 silly cache afterAdd hapi-locate@0.0.1
18 verbose afterAdd /home/mariosant/.npm/hapi-locate/0.0.1/package/package.json not in flight; writing
19 verbose correctMkdir /home/mariosant/.npm correctMkdir not in flight; initializing
20 verbose afterAdd /home/mariosant/.npm/hapi-locate/0.0.1/package/package.json written
21 silly publish { name: 'hapi-locate',
21 silly publish   version: '0.0.1',
21 silly publish   description: 'Provide location services to hapi',
21 silly publish   main: 'index.js',
21 silly publish   scripts: { test: 'xo && ./node_modules/.bin/lab' },
21 silly publish   author:
21 silly publish    { name: 'Marios Antonoudiou',
21 silly publish      email: 'marios.antonoudiou@gmail.com' },
21 silly publish   license: 'ISC',
21 silly publish   devDependencies: { code: '^4.0.0', hapi: '^16.0.1', lab: '^11.2.1', xo: '^0.17.1' },
21 silly publish   xo: {},
21 silly publish   dependencies: { axios: '^0.15.3' },
21 silly publish   readme: 'Hapi-Locate\n===========\n\n[![wercker status](https://app.wercker.com/status/eaed1e7ba08a56173b31624dc1d1c3f8/s/master "wercker status")](https://app.wercker.com/project/byKey/eaed1e7ba08a56173b31624dc1d1c3f8)\n\nA simple plugin to provide `request.geo`.\n\nUsage:\n\n```javascript\nserver.register([require(\'hapi-locate\')], err => {\n    done(err);\n});\n\n// and later in a handler\nfunction (request, reply) {\n    request.location // Do something with this\n    reply(\'OK\');\n}\n```\n\nRoadmap:\n\n* Use api key for ipinfo.io\n* Provide a way to enable/disable on specific routes on demand\n* Customize available information\n\nFeel free to submit feature requests and to report any issues.\n\n',
21 silly publish   readmeFilename: 'README.md',
21 silly publish   gitHead: '34ad2ab565a283629bdbb124d41b5a9f1eed1672',
21 silly publish   _id: 'hapi-locate@0.0.1',
21 silly publish   _shasum: 'fc356a38e45f05a09660c760928354d7845b1eda',
21 silly publish   _from: '.' }
22 verbose getPublishConfig undefined
23 silly mapToRegistry name hapi-locate
24 silly mapToRegistry using default registry
25 silly mapToRegistry registry https://registry.npmjs.org/
26 silly mapToRegistry data Result {
26 silly mapToRegistry   raw: 'hapi-locate',
26 silly mapToRegistry   scope: null,
26 silly mapToRegistry   escapedName: 'hapi-locate',
26 silly mapToRegistry   name: 'hapi-locate',
26 silly mapToRegistry   rawSpec: '',
26 silly mapToRegistry   spec: 'latest',
26 silly mapToRegistry   type: 'tag' }
27 silly mapToRegistry uri https://registry.npmjs.org/hapi-locate
28 verbose publish registryBase https://registry.npmjs.org/
29 silly publish uploading /home/mariosant/.npm/hapi-locate/0.0.1/package.tgz
30 verbose request uri https://registry.npmjs.org/hapi-locate
31 verbose request sending authorization for write operation
32 info attempt registry request try #1 at 12:35:32 AM
33 verbose request using bearer token for auth
34 verbose request id 8d3249fa5ec05498
35 http request PUT https://registry.npmjs.org/hapi-locate
36 http 403 https://registry.npmjs.org/hapi-locate
37 verbose headers { 'content-type': 'application/json',
37 verbose headers   'cache-control': 'max-age=300',
37 verbose headers   'content-length': '95',
37 verbose headers   'accept-ranges': 'bytes',
37 verbose headers   date: 'Thu, 01 Dec 2016 22:35:33 GMT',
37 verbose headers   via: '1.1 varnish',
37 verbose headers   connection: 'keep-alive',
37 verbose headers   'x-served-by': 'cache-lhr6332-LHR',
37 verbose headers   'x-cache': 'MISS',
37 verbose headers   'x-cache-hits': '0',
37 verbose headers   'x-timer': 'S1480631732.549983,VS0,VE821',
37 verbose headers   vary: 'Accept-Encoding' }
38 verbose request invalidating /home/mariosant/.npm/registry.npmjs.org/hapi-locate on PUT
39 error publish Failed PUT 403
40 verbose stack Error: "You cannot publish over the previously published version 0.0.1." : hapi-locate
40 verbose stack     at makeError (/home/mariosant/.nvm/versions/node/v6.6.0/lib/node_modules/npm/node_modules/npm-registry-client/lib/request.js:264:12)
40 verbose stack     at CachingRegistryClient.<anonymous> (/home/mariosant/.nvm/versions/node/v6.6.0/lib/node_modules/npm/node_modules/npm-registry-client/lib/request.js:252:14)
40 verbose stack     at Request._callback (/home/mariosant/.nvm/versions/node/v6.6.0/lib/node_modules/npm/node_modules/npm-registry-client/lib/request.js:172:14)
40 verbose stack     at Request.self.callback (/home/mariosant/.nvm/versions/node/v6.6.0/lib/node_modules/npm/node_modules/request/request.js:200:22)
40 verbose stack     at emitTwo (events.js:106:13)
40 verbose stack     at Request.emit (events.js:191:7)
40 verbose stack     at Request.<anonymous> (/home/mariosant/.nvm/versions/node/v6.6.0/lib/node_modules/npm/node_modules/request/request.js:1067:10)
40 verbose stack     at emitOne (events.js:101:20)
40 verbose stack     at Request.emit (events.js:188:7)
40 verbose stack     at IncomingMessage.<anonymous> (/home/mariosant/.nvm/versions/node/v6.6.0/lib/node_modules/npm/node_modules/request/request.js:988:12)
41 verbose statusCode 403
42 verbose pkgid hapi-locate
43 verbose cwd /home/mariosant/Projects/hapi-locate
44 error Linux 4.8.8-300.fc25.x86_64
45 error argv "/home/mariosant/.nvm/versions/node/v6.6.0/bin/node" "/home/mariosant/.nvm/versions/node/v6.6.0/bin/npm" "publish"
46 error node v6.6.0
47 error npm  v3.10.3
48 error code E403
49 error "You cannot publish over the previously published version 0.0.1." : hapi-locate
50 error If you need help, you may report this error at:
50 error     <https://github.com/npm/npm/issues>
51 verbose exit [ 1, true ]
